[debug] [2018-02-01T03:31:47.671Z] ----------------------------------------------------------------------
[debug] [2018-02-01T03:31:47.680Z] Command:       C:\Program Files\nodejs\node.exe C:\Users\mufaddal\AppData\Roaming\npm\node_modules\firebase-tools\bin\firebase init
[debug] [2018-02-01T03:31:47.682Z] CLI Version:   3.17.4
[debug] [2018-02-01T03:31:47.682Z] Platform:      win32
[debug] [2018-02-01T03:31:47.682Z] Node Version:  v6.9.2
[debug] [2018-02-01T03:31:47.684Z] Time:          Thu Feb 01 2018 09:01:47 GMT+0530 (India Standard Time)
[debug] [2018-02-01T03:31:47.685Z] ----------------------------------------------------------------------
[debug] 
[debug] [2018-02-01T03:31:47.731Z] > command requires scopes: ["email","openid","https://www.googleapis.com/auth/cloudplatformprojects.readonly","https://www.googleapis.com/auth/firebase"]
[debug] [2018-02-01T03:31:47.732Z] > authorizing via signed-in user
[info] 
     ######## #### ########  ######## ########     ###     ######  ########
     ##        ##  ##     ## ##       ##     ##  ##   ##  ##       ##
     ######    ##  ########  ######   ########  #########  ######  ######
     ##        ##  ##    ##  ##       ##     ## ##     ##       ## ##
     ##       #### ##     ## ######## ########  ##     ##  ######  ########

You're about to initialize a Firebase project in this directory:

  C:\Users\mufaddal\Desktop\my-Dashboard

Before we get started, keep in mind:

  * You are initializing in an existing Firebase project directory

[info] 
=== Project Setup
[info] 
[info] First, let's associate this project directory with a Firebase project.
[info] You can create multiple project aliases by running firebase use --add, 
[info] but for now we'll just set up a default project.
[info] 
[debug] [2018-02-01T03:32:01.240Z] > refreshing access token with scopes: ["email","https://www.googleapis.com/auth/cloudplatformprojects.readonly","https://www.googleapis.com/auth/firebase","openid"]
[debug] [2018-02-01T03:32:01.242Z] >>> HTTP REQUEST POST https://www.googleapis.com/oauth2/v3/token  
 { refresh_token: '1/_2CtYKh4Q-P6_Q9MGtBqijuQWrBDshWTwD_qHb8vdaE',
  client_id: '563584335869-fgrhgmd47bqnekij5i8b5pr03ho849e6.apps.googleusercontent.com',
  client_secret: 'j9iVZfS8kkCEFUPaAeJV0sAi',
  grant_type: 'refresh_token',
  scope: 'email https://www.googleapis.com/auth/cloudplatformprojects.readonly https://www.googleapis.com/auth/firebase openid' } 
 Thu Feb 01 2018 09:02:01 GMT+0530 (India Standard Time)
[debug] [2018-02-01T03:32:01.554Z] <<< HTTP RESPONSE 200
[debug] [2018-02-01T03:32:01.629Z] >>> HTTP REQUEST GET https://admin.firebase.com/v1/projects  
  
 Thu Feb 01 2018 09:02:01 GMT+0530 (India Standard Time)
[debug] [2018-02-01T03:32:03.007Z] <<< HTTP RESPONSE 200
[info] i  .firebaserc already has a default project, skipping
[info] 
=== Hosting Setup
[info] 
[info] Your public directory is the folder (relative to your project directory) that
[info] will contain Hosting assets to be uploaded with firebase deploy. If you
[info] have a build process for your assets, use your build's output directory.
[info] 
